0 info it worked if it ends with ok
1 verbose cli [ 'C:\\Program Files\\nodejs\\\\node.exe',
1 verbose cli   'C:\\Program Files\\nodejs\\node_modules\\npm\\bin\\npm-cli.js',
1 verbose cli   'install',
1 verbose cli   '--save-dev',
1 verbose cli   'grunt' ]
2 info using npm@1.4.14
3 info using node@v0.10.29
4 verbose node symlink C:\Program Files\nodejs\\node.exe
5 verbose readDependencies using package.json deps
6 verbose cache add [ 'grunt', null ]
7 verbose cache add name=undefined spec="grunt" args=["grunt",null]
8 verbose parsed url { protocol: null,
8 verbose parsed url   slashes: null,
8 verbose parsed url   auth: null,
8 verbose parsed url   host: null,
8 verbose parsed url   port: null,
8 verbose parsed url   hostname: null,
8 verbose parsed url   hash: null,
8 verbose parsed url   search: null,
8 verbose parsed url   query: null,
8 verbose parsed url   pathname: 'grunt',
8 verbose parsed url   path: 'grunt',
8 verbose parsed url   href: 'grunt' }
9 silly lockFile 20ff3fd8-grunt grunt
10 verbose lock grunt C:\Users\Zelada_Torrez\AppData\Roaming\npm-cache\20ff3fd8-grunt.lock
11 silly lockFile 20ff3fd8-grunt grunt
12 silly lockFile 20ff3fd8-grunt grunt
13 verbose addNamed [ 'grunt', '' ]
14 verbose addNamed [ null, '*' ]
15 silly lockFile 55f1ff24-grunt grunt@
16 verbose lock grunt@ C:\Users\Zelada_Torrez\AppData\Roaming\npm-cache\55f1ff24-grunt.lock
17 silly addNameRange { name: 'grunt', range: '*', hasData: false }
18 verbose url raw grunt
19 verbose url resolving [ 'https://registry.npmjs.org/', './grunt' ]
20 verbose url resolved https://registry.npmjs.org/grunt
21 info trying registry request attempt 1 at 21:31:06
22 verbose etag "A9G9Z6H2G2CSFOQQLYYGA8UPH"
23 http GET https://registry.npmjs.org/grunt
24 http 304 https://registry.npmjs.org/grunt
25 silly registry.get cb [ 304,
25 silly registry.get   { date: 'Sun, 22 Feb 2015 01:31:16 GMT',
25 silly registry.get     server: 'Apache',
25 silly registry.get     via: '1.1 varnish',
25 silly registry.get     'last-modified': 'Sun, 22 Feb 2015 01:31:16 GMT',
25 silly registry.get     'cache-control': 'max-age=60',
25 silly registry.get     etag: '"A9G9Z6H2G2CSFOQQLYYGA8UPH"',
25 silly registry.get     age: '36',
25 silly registry.get     'x-served-by': 'cache-jfk1021-JFK',
25 silly registry.get     'x-cache': 'HIT',
25 silly registry.get     'x-cache-hits': '1',
25 silly registry.get     'x-timer': 'S1424568676.675024,VS0,VE0',
25 silly registry.get     vary: 'Accept',
25 silly registry.get     'content-length': '0',
25 silly registry.get     'keep-alive': 'timeout=10, max=50',
25 silly registry.get     connection: 'Keep-Alive' } ]
26 verbose etag grunt from cache
27 silly addNameRange number 2 { name: 'grunt', range: '*', hasData: true }
28 silly addNameRange versions [ 'grunt',
28 silly addNameRange   [ '0.1.0',
28 silly addNameRange     '0.1.1',
28 silly addNameRange     '0.1.2',
28 silly addNameRange     '0.2.0',
28 silly addNameRange     '0.2.1',
28 silly addNameRange     '0.2.2',
28 silly addNameRange     '0.2.3',
28 silly addNameRange     '0.2.4',
28 silly addNameRange     '0.2.5',
28 silly addNameRange     '0.2.6',
28 silly addNameRange     '0.2.7',
28 silly addNameRange     '0.2.8',
28 silly addNameRange     '0.2.9',
28 silly addNameRange     '0.2.10',
28 silly addNameRange     '0.2.11',
28 silly addNameRange     '0.2.12',
28 silly addNameRange     '0.2.13',
28 silly addNameRange     '0.2.14',
28 silly addNameRange     '0.2.15',
28 silly addNameRange     '0.3.0',
28 silly addNameRange     '0.3.1',
28 silly addNameRange     '0.3.2',
28 silly addNameRange     '0.3.3',
28 silly addNameRange     '0.3.4',
28 silly addNameRange     '0.3.5',
28 silly addNameRange     '0.3.6',
28 silly addNameRange     '0.3.7',
28 silly addNameRange     '0.3.8',
28 silly addNameRange     '0.3.9',
28 silly addNameRange     '0.3.10',
28 silly addNameRange     '0.3.11',
28 silly addNameRange     '0.3.12',
28 silly addNameRange     '0.3.13',
28 silly addNameRange     '0.3.14',
28 silly addNameRange     '0.3.15',
28 silly addNameRange     '0.3.16',
28 silly addNameRange     '0.3.17',
28 silly addNameRange     '0.4.0',
28 silly addNameRange     '0.4.1',
28 silly addNameRange     '0.4.2',
28 silly addNameRange     '0.4.3',
28 silly addNameRange     '0.4.4',
28 silly addNameRange     '0.4.5',
28 silly addNameRange     '0.3.13-a',
28 silly addNameRange     '0.4.0-a',
28 silly addNameRange     '0.4.0-rc1',
28 silly addNameRange     '0.4.0-rc2',
28 silly addNameRange     '0.4.0-rc3',
28 silly addNameRange     '0.4.0-rc4',
28 silly addNameRange     '0.4.0-rc5',
28 silly addNameRange     '0.4.0-rc6',
28 silly addNameRange     '0.4.0-rc7',
28 silly addNameRange     '0.4.0-rc8' ] ]
29 verbose addNamed [ 'grunt', '0.4.5' ]
30 verbose addNamed [ '0.4.5', '0.4.5' ]
31 silly lockFile 81abf7ad-grunt-0-4-5 grunt@0.4.5
32 verbose lock grunt@0.4.5 C:\Users\Zelada_Torrez\AppData\Roaming\npm-cache\81abf7ad-grunt-0-4-5.lock
33 silly lockFile 81abf7ad-grunt-0-4-5 grunt@0.4.5
34 silly lockFile 81abf7ad-grunt-0-4-5 grunt@0.4.5
35 silly lockFile 55f1ff24-grunt grunt@
36 silly lockFile 55f1ff24-grunt grunt@
37 silly resolved [ { name: 'grunt',
37 silly resolved     description: 'The JavaScript Task Runner',
37 silly resolved     version: '0.4.5',
37 silly resolved     author: { name: '"Cowboy" Ben Alman', url: 'http://benalman.com/' },
37 silly resolved     homepage: 'http://gruntjs.com/',
37 silly resolved     repository: { type: 'git', url: 'git://github.com/gruntjs/grunt.git' },
37 silly resolved     bugs: { url: 'http://github.com/gruntjs/grunt/issues' },
37 silly resolved     licenses: [ [Object] ],
37 silly resolved     main: 'lib/grunt',
37 silly resolved     scripts: { test: 'grunt test' },
37 silly resolved     engines: { node: '>= 0.8.0' },
37 silly resolved     keywords:
37 silly resolved      [ 'task',
37 silly resolved        'async',
37 silly resolved        'cli',
37 silly resolved        'minify',
37 silly resolved        'uglify',
37 silly resolved        'build',
37 silly resolved        'lodash',
37 silly resolved        'unit',
37 silly resolved        'test',
37 silly resolved        'qunit',
37 silly resolved        'nodeunit',
37 silly resolved        'server',
37 silly resolved        'init',
37 silly resolved        'scaffold',
37 silly resolved        'make',
37 silly resolved        'jake',
37 silly resolved        'tool' ],
37 silly resolved     dependencies:
37 silly resolved      { async: '~0.1.22',
37 silly resolved        'coffee-script': '~1.3.3',
37 silly resolved        colors: '~0.6.2',
37 silly resolved        dateformat: '1.0.2-1.2.3',
37 silly resolved        eventemitter2: '~0.4.13',
37 silly resolved        'findup-sync': '~0.1.2',
37 silly resolved        glob: '~3.1.21',
37 silly resolved        hooker: '~0.2.3',
37 silly resolved        'iconv-lite': '~0.2.11',
37 silly resolved        minimatch: '~0.2.12',
37 silly resolved        nopt: '~1.0.10',
37 silly resolved        rimraf: '~2.2.8',
37 silly resolved        lodash: '~0.9.2',
37 silly resolved        'underscore.string': '~2.2.1',
37 silly resolved        which: '~1.0.5',
37 silly resolved        'js-yaml': '~2.0.5',
37 silly resolved        exit: '~0.1.1',
37 silly resolved        getobject: '~0.1.0',
37 silly resolved        'grunt-legacy-util': '~0.2.0',
37 silly resolved        'grunt-legacy-log': '~0.1.0' },
37 silly resolved     devDependencies:
37 silly resolved      { temporary: '~0.0.4',
37 silly resolved        'grunt-contrib-jshint': '~0.6.4',
37 silly resolved        'grunt-contrib-nodeunit': '~0.2.0',
37 silly resolved        'grunt-contrib-watch': '~0.5.3',
37 silly resolved        difflet: '~0.2.3',
37 silly resolved        semver: '2.1.0',
37 silly resolved        shelljs: '~0.2.5' },
37 silly resolved     _id: 'grunt@0.4.5',
37 silly resolved     dist:
37 silly resolved      { shasum: '56937cd5194324adff6d207631832a9d6ba4e7f0',
37 silly resolved        tarball: 'http://registry.npmjs.org/grunt/-/grunt-0.4.5.tgz' },
37 silly resolved     _from: 'grunt@',
37 silly resolved     _npmVersion: '1.4.4',
37 silly resolved     _npmUser: { name: 'cowboy', email: 'cowboy@rj3.net' },
37 silly resolved     maintainers: [ [Object], [Object] ],
37 silly resolved     directories: {},
37 silly resolved     _shasum: '56937cd5194324adff6d207631832a9d6ba4e7f0',
37 silly resolved     _resolved: 'https://registry.npmjs.org/grunt/-/grunt-0.4.5.tgz',
37 silly resolved     readme: 'ERROR: No README data found!' } ]
38 info install grunt@0.4.5 into C:\Program Files (x86)\Zend\Apache2\htdocs\CreateForm
39 info installOne grunt@0.4.5
40 info C:\Program Files (x86)\Zend\Apache2\htdocs\CreateForm\node_modules\grunt unbuild
41 verbose tar unpack C:\Users\Zelada_Torrez\AppData\Roaming\npm-cache\grunt\0.4.5\package.tgz
42 silly lockFile 8ca5858a-cs-CreateForm-node-modules-grunt tar://C:\Program Files (x86)\Zend\Apache2\htdocs\CreateForm\node_modules\grunt
43 verbose lock tar://C:\Program Files (x86)\Zend\Apache2\htdocs\CreateForm\node_modules\grunt C:\Users\Zelada_Torrez\AppData\Roaming\npm-cache\8ca5858a-cs-CreateForm-node-modules-grunt.lock
44 silly lockFile 8ece0e24-pm-cache-grunt-0-4-5-package-tgz tar://C:\Users\Zelada_Torrez\AppData\Roaming\npm-cache\grunt\0.4.5\package.tgz
45 verbose lock tar://C:\Users\Zelada_Torrez\AppData\Roaming\npm-cache\grunt\0.4.5\package.tgz C:\Users\Zelada_Torrez\AppData\Roaming\npm-cache\8ece0e24-pm-cache-grunt-0-4-5-package-tgz.lock
46 silly gunzTarPerm modes [ '755', '644' ]
47 silly gunzTarPerm extractEntry package.json
48 silly gunzTarPerm extractEntry .npmignore
49 silly gunzTarPerm extractEntry README.md
50 silly gunzTarPerm extractEntry CONTRIBUTING.md
51 silly gunzTarPerm extractEntry LICENSE-MIT
52 silly gunzTarPerm extractEntry appveyor.yml
53 silly gunzTarPerm extractEntry internal-tasks/bump.js
54 silly gunzTarPerm extractEntry internal-tasks/subgrunt.js
55 silly gunzTarPerm extractEntry lib/grunt.js
56 silly gunzTarPerm extractEntry lib/grunt/cli.js
57 silly gunzTarPerm extractEntry lib/grunt/config.js
58 silly gunzTarPerm extractEntry lib/grunt/event.js
59 silly gunzTarPerm extractEntry lib/grunt/fail.js
60 silly gunzTarPerm extractEntry lib/grunt/file.js
61 silly gunzTarPerm extractEntry lib/grunt/help.js
62 silly gunzTarPerm extractEntry lib/grunt/option.js
63 silly gunzTarPerm extractEntry lib/grunt/task.js
64 silly gunzTarPerm extractEntry lib/grunt/template.js
65 silly gunzTarPerm extractEntry lib/util/task.js
66 silly lockFile 8ca5858a-cs-CreateForm-node-modules-grunt tar://C:\Program Files (x86)\Zend\Apache2\htdocs\CreateForm\node_modules\grunt
67 silly lockFile 8ca5858a-cs-CreateForm-node-modules-grunt tar://C:\Program Files (x86)\Zend\Apache2\htdocs\CreateForm\node_modules\grunt
68 silly lockFile 8ece0e24-pm-cache-grunt-0-4-5-package-tgz tar://C:\Users\Zelada_Torrez\AppData\Roaming\npm-cache\grunt\0.4.5\package.tgz
69 silly lockFile 8ece0e24-pm-cache-grunt-0-4-5-package-tgz tar://C:\Users\Zelada_Torrez\AppData\Roaming\npm-cache\grunt\0.4.5\package.tgz
70 info preinstall grunt@0.4.5
71 verbose readDependencies using package.json deps
72 verbose readDependencies using package.json deps
73 verbose cache add [ 'async@~0.1.22', null ]
74 verbose cache add name=undefined spec="async@~0.1.22" args=["async@~0.1.22",null]
75 verbose parsed url { protocol: null,
75 verbose parsed url   slashes: null,
75 verbose parsed url   auth: null,
75 verbose parsed url   host: null,
75 verbose parsed url   port: null,
75 verbose parsed url   hostname: null,
75 verbose parsed url   hash: null,
75 verbose parsed url   search: null,
75 verbose parsed url   query: null,
75 verbose parsed url   pathname: 'async@~0.1.22',
75 verbose parsed url   path: 'async@~0.1.22',
75 verbose parsed url   href: 'async@~0.1.22' }
76 verbose cache add [ 'coffee-script@~1.3.3', null ]
77 verbose cache add name=undefined spec="coffee-script@~1.3.3" args=["coffee-script@~1.3.3",null]
78 verbose parsed url { protocol: null,
78 verbose parsed url   slashes: null,
78 verbose parsed url   auth: null,
78 verbose parsed url   host: null,
78 verbose parsed url   port: null,
78 verbose parsed url   hostname: null,
78 verbose parsed url   hash: null,
78 verbose parsed url   search: null,
78 verbose parsed url   query: null,
78 verbose parsed url   pathname: 'coffee-script@~1.3.3',
78 verbose parsed url   path: 'coffee-script@~1.3.3',
78 verbose parsed url   href: 'coffee-script@~1.3.3' }
79 verbose cache add [ 'colors@~0.6.2', null ]
80 verbose cache add name=undefined spec="colors@~0.6.2" args=["colors@~0.6.2",null]
81 verbose parsed url { protocol: null,
81 verbose parsed url   slashes: null,
81 verbose parsed url   auth: null,
81 verbose parsed url   host: null,
81 verbose parsed url   port: null,
81 verbose parsed url   hostname: null,
81 verbose parsed url   hash: null,
81 verbose parsed url   search: null,
81 verbose parsed url   query: null,
81 verbose parsed url   pathname: 'colors@~0.6.2',
81 verbose parsed url   path: 'colors@~0.6.2',
81 verbose parsed url   href: 'colors@~0.6.2' }
82 verbose cache add [ 'dateformat@1.0.2-1.2.3', null ]
83 verbose cache add name=undefined spec="dateformat@1.0.2-1.2.3" args=["dateformat@1.0.2-1.2.3",null]
84 verbose parsed url { protocol: null,
84 verbose parsed url   slashes: null,
84 verbose parsed url   auth: null,
84 verbose parsed url   host: null,
84 verbose parsed url   port: null,
84 verbose parsed url   hostname: null,
84 verbose parsed url   hash: null,
84 verbose parsed url   search: null,
84 verbose parsed url   query: null,
84 verbose parsed url   pathname: 'dateformat@1.0.2-1.2.3',
84 verbose parsed url   path: 'dateformat@1.0.2-1.2.3',
84 verbose parsed url   href: 'dateformat@1.0.2-1.2.3' }
85 verbose cache add [ 'eventemitter2@~0.4.13', null ]
86 verbose cache add name=undefined spec="eventemitter2@~0.4.13" args=["eventemitter2@~0.4.13",null]
87 verbose parsed url { protocol: null,
87 verbose parsed url   slashes: null,
87 verbose parsed url   auth: null,
87 verbose parsed url   host: null,
87 verbose parsed url   port: null,
87 verbose parsed url   hostname: null,
87 verbose parsed url   hash: null,
87 verbose parsed url   search: null,
87 verbose parsed url   query: null,
87 verbose parsed url   pathname: 'eventemitter2@~0.4.13',
87 verbose parsed url   path: 'eventemitter2@~0.4.13',
87 verbose parsed url   href: 'eventemitter2@~0.4.13' }
88 verbose cache add [ 'findup-sync@~0.1.2', null ]
89 verbose cache add name=undefined spec="findup-sync@~0.1.2" args=["findup-sync@~0.1.2",null]
90 verbose parsed url { protocol: null,
90 verbose parsed url   slashes: null,
90 verbose parsed url   auth: null,
90 verbose parsed url   host: null,
90 verbose parsed url   port: null,
90 verbose parsed url   hostname: null,
90 verbose parsed url   hash: null,
90 verbose parsed url   search: null,
90 verbose parsed url   query: null,
90 verbose parsed url   pathname: 'findup-sync@~0.1.2',
90 verbose parsed url   path: 'findup-sync@~0.1.2',
90 verbose parsed url   href: 'findup-sync@~0.1.2' }
91 verbose cache add [ 'glob@~3.1.21', null ]
92 verbose cache add name=undefined spec="glob@~3.1.21" args=["glob@~3.1.21",null]
93 verbose parsed url { protocol: null,
93 verbose parsed url   slashes: null,
93 verbose parsed url   auth: null,
93 verbose parsed url   host: null,
93 verbose parsed url   port: null,
93 verbose parsed url   hostname: null,
93 verbose parsed url   hash: null,
93 verbose parsed url   search: null,
93 verbose parsed url   query: null,
93 verbose parsed url   pathname: 'glob@~3.1.21',
93 verbose parsed url   path: 'glob@~3.1.21',
93 verbose parsed url   href: 'glob@~3.1.21' }
94 verbose cache add [ 'hooker@~0.2.3', null ]
95 verbose cache add name=undefined spec="hooker@~0.2.3" args=["hooker@~0.2.3",null]
96 verbose parsed url { protocol: null,
96 verbose parsed url   slashes: null,
96 verbose parsed url   auth: null,
96 verbose parsed url   host: null,
96 verbose parsed url   port: null,
96 verbose parsed url   hostname: null,
96 verbose parsed url   hash: null,
96 verbose parsed url   search: null,
96 verbose parsed url   query: null,
96 verbose parsed url   pathname: 'hooker@~0.2.3',
96 verbose parsed url   path: 'hooker@~0.2.3',
96 verbose parsed url   href: 'hooker@~0.2.3' }
97 verbose cache add [ 'iconv-lite@~0.2.11', null ]
98 verbose cache add name=undefined spec="iconv-lite@~0.2.11" args=["iconv-lite@~0.2.11",null]
99 verbose parsed url { protocol: null,
99 verbose parsed url   slashes: null,
99 verbose parsed url   auth: null,
99 verbose parsed url   host: null,
99 verbose parsed url   port: null,
99 verbose parsed url   hostname: null,
99 verbose parsed url   hash: null,
99 verbose parsed url   search: null,
99 verbose parsed url   query: null,
99 verbose parsed url   pathname: 'iconv-lite@~0.2.11',
99 verbose parsed url   path: 'iconv-lite@~0.2.11',
99 verbose parsed url   href: 'iconv-lite@~0.2.11' }
100 verbose cache add [ 'minimatch@~0.2.12', null ]
101 verbose cache add name=undefined spec="minimatch@~0.2.12" args=["minimatch@~0.2.12",null]
102 verbose parsed url { protocol: null,
102 verbose parsed url   slashes: null,
102 verbose parsed url   auth: null,
102 verbose parsed url   host: null,
102 verbose parsed url   port: null,
102 verbose parsed url   hostname: null,
102 verbose parsed url   hash: null,
102 verbose parsed url   search: null,
102 verbose parsed url   query: null,
102 verbose parsed url   pathname: 'minimatch@~0.2.12',
102 verbose parsed url   path: 'minimatch@~0.2.12',
102 verbose parsed url   href: 'minimatch@~0.2.12' }
103 verbose cache add [ 'nopt@~1.0.10', null ]
104 verbose cache add name=undefined spec="nopt@~1.0.10" args=["nopt@~1.0.10",null]
105 verbose parsed url { protocol: null,
105 verbose parsed url   slashes: null,
105 verbose parsed url   auth: null,
105 verbose parsed url   host: null,
105 verbose parsed url   port: null,
105 verbose parsed url   hostname: null,
105 verbose parsed url   hash: null,
105 verbose parsed url   search: null,
105 verbose parsed url   query: null,
105 verbose parsed url   pathname: 'nopt@~1.0.10',
105 verbose parsed url   path: 'nopt@~1.0.10',
105 verbose parsed url   href: 'nopt@~1.0.10' }
106 verbose cache add name="async" spec="~0.1.22" args=["async","~0.1.22"]
107 verbose parsed url { protocol: null,
107 verbose parsed url   slashes: null,
107 verbose parsed url   auth: null,
107 verbose parsed url   host: null,
107 verbose parsed url   port: null,
107 verbose parsed url   hostname: null,
107 verbose parsed url   hash: null,
107 verbose parsed url   search: null,
107 verbose parsed url   query: null,
107 verbose parsed url   pathname: '~0.1.22',
107 verbose parsed url   path: '~0.1.22',
107 verbose parsed url   href: '~0.1.22' }
108 verbose addNamed [ 'async', '~0.1.22' ]
109 verbose addNamed [ null, '>=0.1.22-0 <0.2.0-0' ]
110 silly lockFile 3af71045-async-0-1-22 async@~0.1.22
111 verbose lock async@~0.1.22 C:\Users\Zelada_Torrez\AppData\Roaming\npm-cache\3af71045-async-0-1-22.lock
112 verbose cache add name="coffee-script" spec="~1.3.3" args=["coffee-script","~1.3.3"]
113 verbose parsed url { protocol: null,
113 verbose parsed url   slashes: null,
113 verbose parsed url   auth: null,
113 verbose parsed url   host: null,
113 verbose parsed url   port: null,
113 verbose parsed url   hostname: null,
113 verbose parsed url   hash: null,
113 verbose parsed url   search: null,
113 verbose parsed url   query: null,
113 verbose parsed url   pathname: '~1.3.3',
113 verbose parsed url   path: '~1.3.3',
113 verbose parsed url   href: '~1.3.3' }
114 verbose addNamed [ 'coffee-script', '~1.3.3' ]
115 verbose addNamed [ null, '>=1.3.3-0 <1.4.0-0' ]
116 silly lockFile f72bb580-coffee-script-1-3-3 coffee-script@~1.3.3
117 verbose lock coffee-script@~1.3.3 C:\Users\Zelada_Torrez\AppData\Roaming\npm-cache\f72bb580-coffee-script-1-3-3.lock
118 verbose cache add name="colors" spec="~0.6.2" args=["colors","~0.6.2"]
119 verbose parsed url { protocol: null,
119 verbose parsed url   slashes: null,
119 verbose parsed url   auth: null,
119 verbose parsed url   host: null,
119 verbose parsed url   port: null,
119 verbose parsed url   hostname: null,
119 verbose parsed url   hash: null,
119 verbose parsed url   search: null,
119 verbose parsed url   query: null,
119 verbose parsed url   pathname: '~0.6.2',
119 verbose parsed url   path: '~0.6.2',
119 verbose parsed url   href: '~0.6.2' }
120 verbose addNamed [ 'colors', '~0.6.2' ]
121 verbose addNamed [ null, '>=0.6.2-0 <0.7.0-0' ]
122 silly lockFile f2380b4d-colors-0-6-2 colors@~0.6.2
123 verbose lock colors@~0.6.2 C:\Users\Zelada_Torrez\AppData\Roaming\npm-cache\f2380b4d-colors-0-6-2.lock
124 verbose cache add name="dateformat" spec="1.0.2-1.2.3" args=["dateformat","1.0.2-1.2.3"]
125 verbose parsed url { protocol: null,
125 verbose parsed url   slashes: null,
125 verbose parsed url   auth: null,
125 verbose parsed url   host: null,
125 verbose parsed url   port: null,
125 verbose parsed url   hostname: null,
125 verbose parsed url   hash: null,
125 verbose parsed url   search: null,
125 verbose parsed url   query: null,
125 verbose parsed url   pathname: '1.0.2-1.2.3',
125 verbose parsed url   path: '1.0.2-1.2.3',
125 verbose parsed url   href: '1.0.2-1.2.3' }
126 verbose addNamed [ 'dateformat', '1.0.2-1.2.3' ]
127 verbose addNamed [ '1.0.2-1.2.3', '1.0.2-1.2.3' ]
128 silly lockFile 644d6e27-dateformat-1-0-2-1-2-3 dateformat@1.0.2-1.2.3
129 verbose lock dateformat@1.0.2-1.2.3 C:\Users\Zelada_Torrez\AppData\Roaming\npm-cache\644d6e27-dateformat-1-0-2-1-2-3.lock
130 verbose cache add name="eventemitter2" spec="~0.4.13" args=["eventemitter2","~0.4.13"]
131 verbose parsed url { protocol: null,
131 verbose parsed url   slashes: null,
131 verbose parsed url   auth: null,
131 verbose parsed url   host: null,
131 verbose parsed url   port: null,
131 verbose parsed url   hostname: null,
131 verbose parsed url   hash: null,
131 verbose parsed url   search: null,
131 verbose parsed url   query: null,
131 verbose parsed url   pathname: '~0.4.13',
131 verbose parsed url   path: '~0.4.13',
131 verbose parsed url   href: '~0.4.13' }
132 verbose addNamed [ 'eventemitter2', '~0.4.13' ]
133 verbose addNamed [ null, '>=0.4.13-0 <0.5.0-0' ]
134 silly lockFile adbd1d63-eventemitter2-0-4-13 eventemitter2@~0.4.13
135 verbose lock eventemitter2@~0.4.13 C:\Users\Zelada_Torrez\AppData\Roaming\npm-cache\adbd1d63-eventemitter2-0-4-13.lock
136 verbose cache add name="findup-sync" spec="~0.1.2" args=["findup-sync","~0.1.2"]
137 verbose parsed url { protocol: null,
137 verbose parsed url   slashes: null,
137 verbose parsed url   auth: null,
137 verbose parsed url   host: null,
137 verbose parsed url   port: null,
137 verbose parsed url   hostname: null,
137 verbose parsed url   hash: null,
137 verbose parsed url   search: null,
137 verbose parsed url   query: null,
137 verbose parsed url   pathname: '~0.1.2',
137 verbose parsed url   path: '~0.1.2',
137 verbose parsed url   href: '~0.1.2' }
138 verbose addNamed [ 'findup-sync', '~0.1.2' ]
139 verbose addNamed [ null, '>=0.1.2-0 <0.2.0-0' ]
140 silly lockFile 65f21183-findup-sync-0-1-2 findup-sync@~0.1.2
141 verbose lock findup-sync@~0.1.2 C:\Users\Zelada_Torrez\AppData\Roaming\npm-cache\65f21183-findup-sync-0-1-2.lock
142 verbose cache add name="glob" spec="~3.1.21" args=["glob","~3.1.21"]
143 verbose parsed url { protocol: null,
143 verbose parsed url   slashes: null,
143 verbose parsed url   auth: null,
143 verbose parsed url   host: null,
143 verbose parsed url   port: null,
143 verbose parsed url   hostname: null,
143 verbose parsed url   hash: null,
143 verbose parsed url   search: null,
143 verbose parsed url   query: null,
143 verbose parsed url   pathname: '~3.1.21',
143 verbose parsed url   path: '~3.1.21',
143 verbose parsed url   href: '~3.1.21' }
144 verbose addNamed [ 'glob', '~3.1.21' ]
145 verbose addNamed [ null, '>=3.1.21-0 <3.2.0-0' ]
146 silly lockFile b5074ddc-glob-3-1-21 glob@~3.1.21
147 verbose lock glob@~3.1.21 C:\Users\Zelada_Torrez\AppData\Roaming\npm-cache\b5074ddc-glob-3-1-21.lock
148 verbose cache add name="hooker" spec="~0.2.3" args=["hooker","~0.2.3"]
149 verbose parsed url { protocol: null,
149 verbose parsed url   slashes: null,
149 verbose parsed url   auth: null,
149 verbose parsed url   host: null,
149 verbose parsed url   port: null,
149 verbose parsed url   hostname: null,
149 verbose parsed url   hash: null,
149 verbose parsed url   search: null,
149 verbose parsed url   query: null,
149 verbose parsed url   pathname: '~0.2.3',
149 verbose parsed url   path: '~0.2.3',
149 verbose parsed url   href: '~0.2.3' }
150 verbose addNamed [ 'hooker', '~0.2.3' ]
151 verbose addNamed [ null, '>=0.2.3-0 <0.3.0-0' ]
152 silly lockFile 2bcd1457-hooker-0-2-3 hooker@~0.2.3
153 verbose lock hooker@~0.2.3 C:\Users\Zelada_Torrez\AppData\Roaming\npm-cache\2bcd1457-hooker-0-2-3.lock
154 verbose cache add name="iconv-lite" spec="~0.2.11" args=["iconv-lite","~0.2.11"]
155 verbose parsed url { protocol: null,
155 verbose parsed url   slashes: null,
155 verbose parsed url   auth: null,
155 verbose parsed url   host: null,
155 verbose parsed url   port: null,
155 verbose parsed url   hostname: null,
155 verbose parsed url   hash: null,
155 verbose parsed url   search: null,
155 verbose parsed url   query: null,
155 verbose parsed url   pathname: '~0.2.11',
155 verbose parsed url   path: '~0.2.11',
155 verbose parsed url   href: '~0.2.11' }
156 verbose addNamed [ 'iconv-lite', '~0.2.11' ]
157 verbose addNamed [ null, '>=0.2.11-0 <0.3.0-0' ]
158 silly lockFile 92090105-iconv-lite-0-2-11 iconv-lite@~0.2.11
159 verbose lock iconv-lite@~0.2.11 C:\Users\Zelada_Torrez\AppData\Roaming\npm-cache\92090105-iconv-lite-0-2-11.lock
160 verbose cache add name="minimatch" spec="~0.2.12" args=["minimatch","~0.2.12"]
161 verbose parsed url { protocol: null,
161 verbose parsed url   slashes: null,
161 verbose parsed url   auth: null,
161 verbose parsed url   host: null,
161 verbose parsed url   port: null,
161 verbose parsed url   hostname: null,
161 verbose parsed url   hash: null,
161 verbose parsed url   search: null,
161 verbose parsed url   query: null,
161 verbose parsed url   pathname: '~0.2.12',
161 verbose parsed url   path: '~0.2.12',
161 verbose parsed url   href: '~0.2.12' }
162 verbose addNamed [ 'minimatch', '~0.2.12' ]
163 verbose addNamed [ null, '>=0.2.12-0 <0.3.0-0' ]
164 silly lockFile 89ce5cca-minimatch-0-2-12 minimatch@~0.2.12
165 verbose lock minimatch@~0.2.12 C:\Users\Zelada_Torrez\AppData\Roaming\npm-cache\89ce5cca-minimatch-0-2-12.lock
166 verbose cache add name="nopt" spec="~1.0.10" args=["nopt","~1.0.10"]
167 verbose parsed url { protocol: null,
167 verbose parsed url   slashes: null,
167 verbose parsed url   auth: null,
167 verbose parsed url   host: null,
167 verbose parsed url   port: null,
167 verbose parsed url   hostname: null,
167 verbose parsed url   hash: null,
167 verbose parsed url   search: null,
167 verbose parsed url   query: null,
167 verbose parsed url   pathname: '~1.0.10',
167 verbose parsed url   path: '~1.0.10',
167 verbose parsed url   href: '~1.0.10' }
168 verbose addNamed [ 'nopt', '~1.0.10' ]
169 verbose addNamed [ null, '>=1.0.10-0 <1.1.0-0' ]
170 silly lockFile 79f78dba-nopt-1-0-10 nopt@~1.0.10
171 verbose lock nopt@~1.0.10 C:\Users\Zelada_Torrez\AppData\Roaming\npm-cache\79f78dba-nopt-1-0-10.lock
172 verbose cache add [ 'getobject@~0.1.0', null ]
173 verbose cache add name=undefined spec="getobject@~0.1.0" args=["getobject@~0.1.0",null]
174 verbose parsed url { protocol: null,
174 verbose parsed url   slashes: null,
174 verbose parsed url   auth: null,
174 verbose parsed url   host: null,
174 verbose parsed url   port: null,
174 verbose parsed url   hostname: null,
174 verbose parsed url   hash: null,
174 verbose parsed url   search: null,
174 verbose parsed url   query: null,
174 verbose parsed url   pathname: 'getobject@~0.1.0',
174 verbose parsed url   path: 'getobject@~0.1.0',
174 verbose parsed url   href: 'getobject@~0.1.0' }
175 verbose cache add [ 'rimraf@~2.2.8', null ]
176 verbose cache add name=undefined spec="rimraf@~2.2.8" args=["rimraf@~2.2.8",null]
177 verbose parsed url { protocol: null,
177 verbose parsed url   slashes: null,
177 verbose parsed url   auth: null,
177 verbose parsed url   host: null,
177 verbose parsed url   port: null,
177 verbose parsed url   hostname: null,
177 verbose parsed url   hash: null,
177 verbose parsed url   search: null,
177 verbose parsed url   query: null,
177 verbose parsed url   pathname: 'rimraf@~2.2.8',
177 verbose parsed url   path: 'rimraf@~2.2.8',
177 verbose parsed url   href: 'rimraf@~2.2.8' }
178 verbose cache add [ 'grunt-legacy-util@~0.2.0', null ]
179 verbose cache add name=undefined spec="grunt-legacy-util@~0.2.0" args=["grunt-legacy-util@~0.2.0",null]
180 verbose parsed url { protocol: null,
180 verbose parsed url   slashes: null,
180 verbose parsed url   auth: null,
180 verbose parsed url   host: null,
180 verbose parsed url   port: null,
180 verbose parsed url   hostname: null,
180 verbose parsed url   hash: null,
180 verbose parsed url   search: null,
180 verbose parsed url   query: null,
180 verbose parsed url   pathname: 'grunt-legacy-util@~0.2.0',
180 verbose parsed url   path: 'grunt-legacy-util@~0.2.0',
180 verbose parsed url   href: 'grunt-legacy-util@~0.2.0' }
181 verbose cache add [ 'lodash@~0.9.2', null ]
182 verbose cache add name=undefined spec="lodash@~0.9.2" args=["lodash@~0.9.2",null]
183 verbose parsed url { protocol: null,
183 verbose parsed url   slashes: null,
183 verbose parsed url   auth: null,
183 verbose parsed url   host: null,
183 verbose parsed url   port: null,
183 verbose parsed url   hostname: null,
183 verbose parsed url   hash: null,
183 verbose parsed url   search: null,
183 verbose parsed url   query: null,
183 verbose parsed url   pathname: 'lodash@~0.9.2',
183 verbose parsed url   path: 'lodash@~0.9.2',
183 verbose parsed url   href: 'lodash@~0.9.2' }
184 verbose cache add [ 'grunt-legacy-log@~0.1.0', null ]
185 verbose cache add name=undefined spec="grunt-legacy-log@~0.1.0" args=["grunt-legacy-log@~0.1.0",null]
186 verbose parsed url { protocol: null,
186 verbose parsed url   slashes: null,
186 verbose parsed url   auth: null,
186 verbose parsed url   host: null,
186 verbose parsed url   port: null,
186 verbose parsed url   hostname: null,
186 verbose parsed url   hash: null,
186 verbose parsed url   search: null,
186 verbose parsed url   query: null,
186 verbose parsed url   pathname: 'grunt-legacy-log@~0.1.0',
186 verbose parsed url   path: 'grunt-legacy-log@~0.1.0',
186 verbose parsed url   href: 'grunt-legacy-log@~0.1.0' }
187 verbose cache add [ 'underscore.string@~2.2.1', null ]
188 verbose cache add name=undefined spec="underscore.string@~2.2.1" args=["underscore.string@~2.2.1",null]
189 verbose parsed url { protocol: null,
189 verbose parsed url   slashes: null,
189 verbose parsed url   auth: null,
189 verbose parsed url   host: null,
189 verbose parsed url   port: null,
189 verbose parsed url   hostname: null,
189 verbose parsed url   hash: null,
189 verbose parsed url   search: null,
189 verbose parsed url   query: null,
189 verbose parsed url   pathname: 'underscore.string@~2.2.1',
189 verbose parsed url   path: 'underscore.string@~2.2.1',
189 verbose parsed url   href: 'underscore.string@~2.2.1' }
190 verbose cache add [ 'which@~1.0.5', null ]
191 verbose cache add name=undefined spec="which@~1.0.5" args=["which@~1.0.5",null]
192 verbose parsed url { protocol: null,
192 verbose parsed url   slashes: null,
192 verbose parsed url   auth: null,
192 verbose parsed url   host: null,
192 verbose parsed url   port: null,
192 verbose parsed url   hostname: null,
192 verbose parsed url   hash: null,
192 verbose parsed url   search: null,
192 verbose parsed url   query: null,
192 verbose parsed url   pathname: 'which@~1.0.5',
192 verbose parsed url   path: 'which@~1.0.5',
192 verbose parsed url   href: 'which@~1.0.5' }
193 verbose cache add [ 'js-yaml@~2.0.5', null ]
194 verbose cache add name=undefined spec="js-yaml@~2.0.5" args=["js-yaml@~2.0.5",null]
195 verbose parsed url { protocol: null,
195 verbose parsed url   slashes: null,
195 verbose parsed url   auth: null,
195 verbose parsed url   host: null,
195 verbose parsed url   port: null,
195 verbose parsed url   hostname: null,
195 verbose parsed url   hash: null,
195 verbose parsed url   search: null,
195 verbose parsed url   query: null,
195 verbose parsed url   pathname: 'js-yaml@~2.0.5',
195 verbose parsed url   path: 'js-yaml@~2.0.5',
195 verbose parsed url   href: 'js-yaml@~2.0.5' }
196 verbose cache add [ 'exit@~0.1.1', null ]
197 verbose cache add name=undefined spec="exit@~0.1.1" args=["exit@~0.1.1",null]
198 verbose parsed url { protocol: null,
198 verbose parsed url   slashes: null,
198 verbose parsed url   auth: null,
198 verbose parsed url   host: null,
198 verbose parsed url   port: null,
198 verbose parsed url   hostname: null,
198 verbose parsed url   hash: null,
198 verbose parsed url   search: null,
198 verbose parsed url   query: null,
198 verbose parsed url   pathname: 'exit@~0.1.1',
198 verbose parsed url   path: 'exit@~0.1.1',
198 verbose parsed url   href: 'exit@~0.1.1' }
199 verbose cache add name="getobject" spec="~0.1.0" args=["getobject","~0.1.0"]
200 verbose parsed url { protocol: null,
200 verbose parsed url   slashes: null,
200 verbose parsed url   auth: null,
200 verbose parsed url   host: null,
200 verbose parsed url   port: null,
200 verbose parsed url   hostname: null,
200 verbose parsed url   hash: null,
200 verbose parsed url   search: null,
200 verbose parsed url   query: null,
200 verbose parsed url   pathname: '~0.1.0',
200 verbose parsed url   path: '~0.1.0',
200 verbose parsed url   href: '~0.1.0' }
201 verbose addNamed [ 'getobject', '~0.1.0' ]
202 verbose addNamed [ null, '>=0.1.0-0 <0.2.0-0' ]
203 silly lockFile 6f3e7f10-getobject-0-1-0 getobject@~0.1.0
204 verbose lock getobject@~0.1.0 C:\Users\Zelada_Torrez\AppData\Roaming\npm-cache\6f3e7f10-getobject-0-1-0.lock
205 verbose cache add name="rimraf" spec="~2.2.8" args=["rimraf","~2.2.8"]
206 verbose parsed url { protocol: null,
206 verbose parsed url   slashes: null,
206 verbose parsed url   auth: null,
206 verbose parsed url   host: null,
206 verbose parsed url   port: null,
206 verbose parsed url   hostname: null,
206 verbose parsed url   hash: null,
206 verbose parsed url   search: null,
206 verbose parsed url   query: null,
206 verbose parsed url   pathname: '~2.2.8',
206 verbose parsed url   path: '~2.2.8',
206 verbose parsed url   href: '~2.2.8' }
207 verbose addNamed [ 'rimraf', '~2.2.8' ]
208 verbose addNamed [ null, '>=2.2.8-0 <2.3.0-0' ]
209 silly lockFile 63346313-rimraf-2-2-8 rimraf@~2.2.8
210 verbose lock rimraf@~2.2.8 C:\Users\Zelada_Torrez\AppData\Roaming\npm-cache\63346313-rimraf-2-2-8.lock
211 verbose cache add name="grunt-legacy-util" spec="~0.2.0" args=["grunt-legacy-util","~0.2.0"]
212 verbose parsed url { protocol: null,
212 verbose parsed url   slashes: null,
212 verbose parsed url   auth: null,
212 verbose parsed url   host: null,
212 verbose parsed url   port: null,
212 verbose parsed url   hostname: null,
212 verbose parsed url   hash: null,
212 verbose parsed url   search: null,
212 verbose parsed url   query: null,
212 verbose parsed url   pathname: '~0.2.0',
212 verbose parsed url   path: '~0.2.0',
212 verbose parsed url   href: '~0.2.0' }
213 verbose addNamed [ 'grunt-legacy-util', '~0.2.0' ]
214 verbose addNamed [ null, '>=0.2.0-0 <0.3.0-0' ]
215 silly lockFile d7c85858-grunt-legacy-util-0-2-0 grunt-legacy-util@~0.2.0
216 verbose lock grunt-legacy-util@~0.2.0 C:\Users\Zelada_Torrez\AppData\Roaming\npm-cache\d7c85858-grunt-legacy-util-0-2-0.lock
217 verbose cache add name="lodash" spec="~0.9.2" args=["lodash","~0.9.2"]
218 verbose parsed url { protocol: null,
218 verbose parsed url   slashes: null,
218 verbose parsed url   auth: null,
218 verbose parsed url   host: null,
218 verbose parsed url   port: null,
218 verbose parsed url   hostname: null,
218 verbose parsed url   hash: null,
218 verbose parsed url   search: null,
218 verbose parsed url   query: null,
218 verbose parsed url   pathname: '~0.9.2',
218 verbose parsed url   path: '~0.9.2',
218 verbose parsed url   href: '~0.9.2' }
219 verbose addNamed [ 'lodash', '~0.9.2' ]
220 verbose addNamed [ null, '>=0.9.2-0 <0.10.0-0' ]
221 silly lockFile 1fff9bf4-lodash-0-9-2 lodash@~0.9.2
222 verbose lock lodash@~0.9.2 C:\Users\Zelada_Torrez\AppData\Roaming\npm-cache\1fff9bf4-lodash-0-9-2.lock
223 verbose cache add name="grunt-legacy-log" spec="~0.1.0" args=["grunt-legacy-log","~0.1.0"]
224 verbose parsed url { protocol: null,
224 verbose parsed url   slashes: null,
224 verbose parsed url   auth: null,
224 verbose parsed url   host: null,
224 verbose parsed url   port: null,
224 verbose parsed url   hostname: null,
224 verbose parsed url   hash: null,
224 verbose parsed url   search: null,
224 verbose parsed url   query: null,
224 verbose parsed url   pathname: '~0.1.0',
224 verbose parsed url   path: '~0.1.0',
224 verbose parsed url   href: '~0.1.0' }
225 verbose addNamed [ 'grunt-legacy-log', '~0.1.0' ]
226 verbose addNamed [ null, '>=0.1.0-0 <0.2.0-0' ]
227 silly lockFile 8e73aff5-grunt-legacy-log-0-1-0 grunt-legacy-log@~0.1.0
228 verbose lock grunt-legacy-log@~0.1.0 C:\Users\Zelada_Torrez\AppData\Roaming\npm-cache\8e73aff5-grunt-legacy-log-0-1-0.lock
229 verbose cache add name="underscore.string" spec="~2.2.1" args=["underscore.string","~2.2.1"]
230 verbose parsed url { protocol: null,
230 verbose parsed url   slashes: null,
230 verbose parsed url   auth: null,
230 verbose parsed url   host: null,
230 verbose parsed url   port: null,
230 verbose parsed url   hostname: null,
230 verbose parsed url   hash: null,
230 verbose parsed url   search: null,
230 verbose parsed url   query: null,
230 verbose parsed url   pathname: '~2.2.1',
230 verbose parsed url   path: '~2.2.1',
230 verbose parsed url   href: '~2.2.1' }
231 verbose addNamed [ 'underscore.string', '~2.2.1' ]
232 verbose addNamed [ null, '>=2.2.1-0 <2.3.0-0' ]
233 silly lockFile 57acec0b-underscore-string-2-2-1 underscore.string@~2.2.1
234 verbose lock underscore.string@~2.2.1 C:\Users\Zelada_Torrez\AppData\Roaming\npm-cache\57acec0b-underscore-string-2-2-1.lock
235 verbose cache add name="which" spec="~1.0.5" args=["which","~1.0.5"]
236 verbose parsed url { protocol: null,
236 verbose parsed url   slashes: null,
236 verbose parsed url   auth: null,
236 verbose parsed url   host: null,
236 verbose parsed url   port: null,
236 verbose parsed url   hostname: null,
236 verbose parsed url   hash: null,
236 verbose parsed url   search: null,
236 verbose parsed url   query: null,
236 verbose parsed url   pathname: '~1.0.5',
236 verbose parsed url   path: '~1.0.5',
236 verbose parsed url   href: '~1.0.5' }
237 verbose addNamed [ 'which', '~1.0.5' ]
238 verbose addNamed [ null, '>=1.0.5-0 <1.1.0-0' ]
239 silly lockFile d158d65e-which-1-0-5 which@~1.0.5
240 verbose lock which@~1.0.5 C:\Users\Zelada_Torrez\AppData\Roaming\npm-cache\d158d65e-which-1-0-5.lock
241 verbose cache add name="js-yaml" spec="~2.0.5" args=["js-yaml","~2.0.5"]
242 verbose parsed url { protocol: null,
242 verbose parsed url   slashes: null,
242 verbose parsed url   auth: null,
242 verbose parsed url   host: null,
242 verbose parsed url   port: null,
242 verbose parsed url   hostname: null,
242 verbose parsed url   hash: null,
242 verbose parsed url   search: null,
242 verbose parsed url   query: null,
242 verbose parsed url   pathname: '~2.0.5',
242 verbose parsed url   path: '~2.0.5',
242 verbose parsed url   href: '~2.0.5' }
243 verbose addNamed [ 'js-yaml', '~2.0.5' ]
244 verbose addNamed [ null, '>=2.0.5-0 <2.1.0-0' ]
245 silly lockFile f87c51d5-js-yaml-2-0-5 js-yaml@~2.0.5
246 verbose lock js-yaml@~2.0.5 C:\Users\Zelada_Torrez\AppData\Roaming\npm-cache\f87c51d5-js-yaml-2-0-5.lock
247 verbose cache add name="exit" spec="~0.1.1" args=["exit","~0.1.1"]
248 verbose parsed url { protocol: null,
248 verbose parsed url   slashes: null,
248 verbose parsed url   auth: null,
248 verbose parsed url   host: null,
248 verbose parsed url   port: null,
248 verbose parsed url   hostname: null,
248 verbose parsed url   hash: null,
248 verbose parsed url   search: null,
248 verbose parsed url   query: null,
248 verbose parsed url   pathname: '~0.1.1',
248 verbose parsed url   path: '~0.1.1',
248 verbose parsed url   href: '~0.1.1' }
249 verbose addNamed [ 'exit', '~0.1.1' ]
250 verbose addNamed [ null, '>=0.1.1-0 <0.2.0-0' ]
251 silly lockFile 36e7f3d8-exit-0-1-1 exit@~0.1.1
252 verbose lock exit@~0.1.1 C:\Users\Zelada_Torrez\AppData\Roaming\npm-cache\36e7f3d8-exit-0-1-1.lock
253 silly addNameRange { name: 'async', range: '>=0.1.22-0 <0.2.0-0', hasData: false }
254 silly addNameRange { name: 'coffee-script',
254 silly addNameRange   range: '>=1.3.3-0 <1.4.0-0',
254 silly addNameRange   hasData: false }
255 silly addNameRange { name: 'colors', range: '>=0.6.2-0 <0.7.0-0', hasData: false }
256 silly addNameRange { name: 'eventemitter2',
256 silly addNameRange   range: '>=0.4.13-0 <0.5.0-0',
256 silly addNameRange   hasData: false }
257 silly addNameRange { name: 'findup-sync',
257 silly addNameRange   range: '>=0.1.2-0 <0.2.0-0',
257 silly addNameRange   hasData: false }
258 silly addNameRange { name: 'glob', range: '>=3.1.21-0 <3.2.0-0', hasData: false }
259 silly addNameRange { name: 'hooker', range: '>=0.2.3-0 <0.3.0-0', hasData: false }
260 silly addNameRange { name: 'minimatch',
260 silly addNameRange   range: '>=0.2.12-0 <0.3.0-0',
260 silly addNameRange   hasData: false }
261 silly addNameRange { name: 'nopt', range: '>=1.0.10-0 <1.1.0-0', hasData: false }
262 silly addNameRange { name: 'getobject',
262 silly addNameRange   range: '>=0.1.0-0 <0.2.0-0',
262 silly addNameRange   hasData: false }
263 silly addNameRange { name: 'rimraf', range: '>=2.2.8-0 <2.3.0-0', hasData: false }
264 silly addNameRange { name: 'grunt-legacy-util',
264 silly addNameRange   range: '>=0.2.0-0 <0.3.0-0',
264 silly addNameRange   hasData: false }
265 silly addNameRange { name: 'lodash', range: '>=0.9.2-0 <0.10.0-0', hasData: false }
266 silly addNameRange { name: 'grunt-legacy-log',
266 silly addNameRange   range: '>=0.1.0-0 <0.2.0-0',
266 silly addNameRange   hasData: false }
267 silly addNameRange { name: 'underscore.string',
267 silly addNameRange   range: '>=2.2.1-0 <2.3.0-0',
267 silly addNameRange   hasData: false }
268 silly addNameRange { name: 'iconv-lite',
268 silly addNameRange   range: '>=0.2.11-0 <0.3.0-0',
268 silly addNameRange   hasData: false }
269 silly addNameRange { name: 'which', range: '>=1.0.5-0 <1.1.0-0', hasData: false }
270 silly addNameRange { name: 'js-yaml', range: '>=2.0.5-0 <2.1.0-0', hasData: false }
271 silly addNameRange { name: 'exit', range: '>=0.1.1-0 <0.2.0-0', hasData: false }
272 verbose url raw grunt-legacy-log
273 verbose url resolving [ 'https://registry.npmjs.org/', './grunt-legacy-log' ]
274 verbose url resolved https://registry.npmjs.org/grunt-legacy-log
275 info trying registry request attempt 1 at 21:31:08
276 verbose etag "E5M03XZY77JCE008JZ3Z9AL6Y"
277 http GET https://registry.npmjs.org/grunt-legacy-log
278 verbose url raw minimatch
279 verbose url resolving [ 'https://registry.npmjs.org/', './minimatch' ]
280 verbose url resolved https://registry.npmjs.org/minimatch
281 info trying registry request attempt 1 at 21:31:08
282 verbose etag "76CEA6G0HX9V73V554BU0343K"
283 http GET https://registry.npmjs.org/minimatch
284 verbose url raw iconv-lite
285 verbose url resolving [ 'https://registry.npmjs.org/', './iconv-lite' ]
286 verbose url resolved https://registry.npmjs.org/iconv-lite
287 info trying registry request attempt 1 at 21:31:08
288 verbose etag "5K7I68P08LK84R0J0U2CX7C2R"
289 http GET https://registry.npmjs.org/iconv-lite
290 verbose url raw which
291 verbose url resolving [ 'https://registry.npmjs.org/', './which' ]
292 verbose url resolved https://registry.npmjs.org/which
293 info trying registry request attempt 1 at 21:31:08
294 verbose etag "1Z7SLOA5H82N8RAJE05BS45LO"
295 http GET https://registry.npmjs.org/which
296 verbose url raw colors
297 verbose url resolving [ 'https://registry.npmjs.org/', './colors' ]
298 verbose url resolved https://registry.npmjs.org/colors
299 info trying registry request attempt 1 at 21:31:08
300 verbose etag "79QD6CXDM1WK8SKUUGYOV8GSY"
301 http GET https://registry.npmjs.org/colors
302 verbose url raw js-yaml
303 verbose url resolving [ 'https://registry.npmjs.org/', './js-yaml' ]
304 verbose url resolved https://registry.npmjs.org/js-yaml
305 info trying registry request attempt 1 at 21:31:08
306 verbose etag "BE4RWJ5GDTP4F0Y19DSS4P5FI"
307 http GET https://registry.npmjs.org/js-yaml
308 verbose url raw hooker
309 verbose url resolving [ 'https://registry.npmjs.org/', './hooker' ]
310 verbose url resolved https://registry.npmjs.org/hooker
311 info trying registry request attempt 1 at 21:31:08
312 verbose etag "VR3JTAKTOSSS1GJKDCX1ZF1C"
313 http GET https://registry.npmjs.org/hooker
314 verbose url raw eventemitter2
315 verbose url resolving [ 'https://registry.npmjs.org/', './eventemitter2' ]
316 verbose url resolved https://registry.npmjs.org/eventemitter2
317 info trying registry request attempt 1 at 21:31:08
318 verbose etag "CEELGW2BKUSV0YRS8RJKTCMR9"
319 http GET https://registry.npmjs.org/eventemitter2
320 verbose url raw nopt
321 verbose url resolving [ 'https://registry.npmjs.org/', './nopt' ]
322 verbose url resolved https://registry.npmjs.org/nopt
323 info trying registry request attempt 1 at 21:31:08
324 verbose etag "6WG84PL4HOJXWUNXGTBHT4ADP"
325 http GET https://registry.npmjs.org/nopt
326 verbose url raw coffee-script
327 verbose url resolving [ 'https://registry.npmjs.org/', './coffee-script' ]
328 verbose url resolved https://registry.npmjs.org/coffee-script
329 info trying registry request attempt 1 at 21:31:08
330 verbose etag "BZLVOCQVNK02P53ZG3AU4RMQE"
331 http GET https://registry.npmjs.org/coffee-script
332 verbose url raw grunt-legacy-util
333 verbose url resolving [ 'https://registry.npmjs.org/', './grunt-legacy-util' ]
334 verbose url resolved https://registry.npmjs.org/grunt-legacy-util
335 info trying registry request attempt 1 at 21:31:08
336 verbose etag "C2F8TE8PSG8P046ZGXGKOU125"
337 http GET https://registry.npmjs.org/grunt-legacy-util
338 verbose url raw lodash
339 verbose url resolving [ 'https://registry.npmjs.org/', './lodash' ]
340 verbose url resolved https://registry.npmjs.org/lodash
341 info trying registry request attempt 1 at 21:31:08
342 verbose etag "4CYPNUW86H3BL3YWNLINQ7ZUQ"
343 http GET https://registry.npmjs.org/lodash
344 verbose url raw underscore.string
345 verbose url resolving [ 'https://registry.npmjs.org/', './underscore.string' ]
346 verbose url resolved https://registry.npmjs.org/underscore.string
347 info trying registry request attempt 1 at 21:31:08
348 verbose etag "5CUKXD2FAWHRTK04NY80L3DBH"
349 http GET https://registry.npmjs.org/underscore.string
350 verbose url raw async
351 verbose url resolving [ 'https://registry.npmjs.org/', './async' ]
352 verbose url resolved https://registry.npmjs.org/async
353 info trying registry request attempt 1 at 21:31:08
354 verbose etag "ADG2O7C7Z3LT2OA04CKM61ZIH"
355 http GET https://registry.npmjs.org/async
356 verbose url raw findup-sync
357 verbose url resolving [ 'https://registry.npmjs.org/', './findup-sync' ]
358 verbose url resolved https://registry.npmjs.org/findup-sync
359 info trying registry request attempt 1 at 21:31:08
360 verbose etag "2575FJ1OL8STIONV4NB1LOVAE"
361 http GET https://registry.npmjs.org/findup-sync
362 verbose url raw glob
363 verbose url resolving [ 'https://registry.npmjs.org/', './glob' ]
364 verbose url resolved https://registry.npmjs.org/glob
365 info trying registry request attempt 1 at 21:31:08
366 verbose etag "9PIW87I5EOFRZ3K4RIN57IGPE"
367 http GET https://registry.npmjs.org/glob
368 verbose url raw dateformat
369 verbose url resolving [ 'https://registry.npmjs.org/', './dateformat' ]
370 verbose url resolved https://registry.npmjs.org/dateformat
371 info trying registry request attempt 1 at 21:31:08
372 verbose etag "3P6LRD6UQPZZC8KP3T7UVGPNQ"
373 http GET https://registry.npmjs.org/dateformat
374 verbose url raw exit
375 verbose url resolving [ 'https://registry.npmjs.org/', './exit' ]
376 verbose url resolved https://registry.npmjs.org/exit
377 info trying registry request attempt 1 at 21:31:08
378 verbose etag "B213KSJ7TIAQ54ZV9YH5RDYCM"
379 http GET https://registry.npmjs.org/exit
380 verbose url raw getobject
381 verbose url resolving [ 'https://registry.npmjs.org/', './getobject' ]
382 verbose url resolved https://registry.npmjs.org/getobject
383 info trying registry request attempt 1 at 21:31:08
384 verbose etag "DPJ778RHXYYX70TYJG9H0V08K"
385 http GET https://registry.npmjs.org/getobject
386 verbose url raw rimraf
387 verbose url resolving [ 'https://registry.npmjs.org/', './rimraf' ]
388 verbose url resolved https://registry.npmjs.org/rimraf
389 info trying registry request attempt 1 at 21:31:08
390 verbose etag "5P2CJTCZJBEJHIHDKJKJ480VK"
391 http GET https://registry.npmjs.org/rimraf
392 http 304 https://registry.npmjs.org/which
393 silly registry.get cb [ 304,
393 silly registry.get   { date: 'Sun, 22 Feb 2015 01:31:18 GMT',
393 silly registry.get     server: 'Apache',
393 silly registry.get     via: '1.1 varnish',
393 silly registry.get     'last-modified': 'Sun, 22 Feb 2015 00:57:33 GMT',
393 silly registry.get     'cache-control': 'max-age=60',
393 silly registry.get     etag: '"1Z7SLOA5H82N8RAJE05BS45LO"',
393 silly registry.get     age: '51',
393 silly registry.get     'x-served-by': 'cache-jfk1024-JFK',
393 silly registry.get     'x-cache': 'HIT',
393 silly registry.get     'x-cache-hits': '319',
393 silly registry.get     'x-timer': 'S1424568678.433360,VS0,VE0',
393 silly registry.get     vary: 'Accept',
393 silly registry.get     'content-length': '0',
393 silly registry.get     'keep-alive': 'timeout=10, max=50',
393 silly registry.get     connection: 'Keep-Alive' } ]
394 verbose etag which from cache
395 silly addNameRange number 2 { name: 'which', range: '>=1.0.5-0 <1.1.0-0', hasData: true }
396 silly addNameRange versions [ 'which',
396 silly addNameRange   [ '1.0.0',
396 silly addNameRange     '1.0.1',
396 silly addNameRange     '1.0.2',
396 silly addNameRange     '1.0.3',
396 silly addNameRange     '1.0.5',
396 silly addNameRange     '1.0.6',
396 silly addNameRange     '1.0.7',
396 silly addNameRange     '1.0.8' ] ]
397 verbose addNamed [ 'which', '1.0.8' ]
398 verbose addNamed [ '1.0.8', '1.0.8' ]
399 silly lockFile a008069a-which-1-0-8 which@1.0.8
400 verbose lock which@1.0.8 C:\Users\Zelada_Torrez\AppData\Roaming\npm-cache\a008069a-which-1-0-8.lock
401 http 304 https://registry.npmjs.org/iconv-lite
402 silly registry.get cb [ 304,
402 silly registry.get   { date: 'Sun, 22 Feb 2015 01:31:18 GMT',
402 silly registry.get     server: 'Apache',
402 silly registry.get     via: '1.1 varnish',
402 silly registry.get     'last-modified': 'Sun, 22 Feb 2015 01:31:18 GMT',
402 silly registry.get     'cache-control': 'max-age=60',
402 silly registry.get     etag: '"5K7I68P08LK84R0J0U2CX7C2R"',
402 silly registry.get     age: '32',
402 silly registry.get     'x-served-by': 'cache-jfk1023-JFK',
402 silly registry.get     'x-cache': 'HIT',
402 silly registry.get     'x-cache-hits': '1',
402 silly registry.get     'x-timer': 'S1424568678.434297,VS0,VE0',
402 silly registry.get     vary: 'Accept',
402 silly registry.get     'content-length': '0',
402 silly registry.get     'keep-alive': 'timeout=10, max=50',
402 silly registry.get     connection: 'Keep-Alive' } ]
403 verbose etag iconv-lite from cache
404 silly addNameRange number 2 { name: 'iconv-lite',
404 silly addNameRange   range: '>=0.2.11-0 <0.3.0-0',
404 silly addNameRange   hasData: true }
405 silly addNameRange versions [ 'iconv-lite',
405 silly addNameRange   [ '0.1.0',
405 silly addNameRange     '0.1.1',
405 silly addNameRange     '0.1.2',
405 silly addNameRange     '0.1.3',
405 silly addNameRange     '0.1.4',
405 silly addNameRange     '0.2.0',
405 silly addNameRange     '0.2.1',
405 silly addNameRange     '0.2.3',
405 silly addNameRange     '0.2.4',
405 silly addNameRange     '0.2.5',
405 silly addNameRange     '0.2.6',
405 silly addNameRange     '0.2.7',
405 silly addNameRange     '0.2.8',
405 silly addNameRange     '0.2.9',
405 silly addNameRange     '0.2.10',
405 silly addNameRange     '0.2.11',
405 silly addNameRange     '0.4.0-pre',
405 silly addNameRange     '0.4.0-pre2',
405 silly addNameRange     '0.4.0-pre3',
405 silly addNameRange     '0.4.0',
405 silly addNameRange     '0.4.1',
405 silly addNameRange     '0.4.2',
405 silly addNameRange     '0.4.3',
405 silly addNameRange     '0.4.4',
405 silly addNameRange     '0.4.5',
405 silly addNameRange     '0.4.6',
405 silly addNameRange     '0.4.7' ] ]
406 verbose addNamed [ 'iconv-lite', '0.2.11' ]
407 verbose addNamed [ '0.2.11', '0.2.11' ]
408 silly lockFile 5d877021-iconv-lite-0-2-11 iconv-lite@0.2.11
409 verbose lock iconv-lite@0.2.11 C:\Users\Zelada_Torrez\AppData\Roaming\npm-cache\5d877021-iconv-lite-0-2-11.lock
410 http 304 https://registry.npmjs.org/minimatch
411 silly registry.get cb [ 304,
411 silly registry.get   { date: 'Sun, 22 Feb 2015 01:31:18 GMT',
411 silly registry.get     server: 'Apache',
411 silly registry.get     via: '1.1 varnish',
411 silly registry.get     'last-modified': 'Sun, 22 Feb 2015 01:31:18 GMT',
411 silly registry.get     'cache-control': 'max-age=60',
411 silly registry.get     etag: '"76CEA6G0HX9V73V554BU0343K"',
411 silly registry.get     age: '13',
411 silly registry.get     'x-served-by': 'cache-jfk1020-JFK',
411 silly registry.get     'x-cache': 'HIT',
411 silly registry.get     'x-cache-hits': '1',
411 silly registry.get     'x-timer': 'S1424568678.466405,VS0,VE0',
411 silly registry.get     vary: 'Accept',
411 silly registry.get     'content-length': '0',
411 silly registry.get     'keep-alive': 'timeout=10, max=50',
411 silly registry.get     connection: 'Keep-Alive' } ]
412 verbose etag minimatch from cache
413 silly addNameRange number 2 { name: 'minimatch',
413 silly addNameRange   range: '>=0.2.12-0 <0.3.0-0',
413 silly addNameRange   hasData: true }
414 silly addNameRange versions [ 'minimatch',
414 silly addNameRange   [ '0.0.1',
414 silly addNameRange     '0.0.2',
414 silly addNameRange     '0.0.4',
414 silly addNameRange     '0.0.5',
414 silly addNameRange     '0.1.1',
414 silly addNameRange     '0.1.2',
414 silly addNameRange     '0.1.3',
414 silly addNameRange     '0.1.4',
414 silly addNameRange     '0.1.5',
414 silly addNameRange     '0.2.0',
414 silly addNameRange     '0.2.2',
414 silly addNameRange     '0.2.3',
414 silly addNameRange     '0.2.4',
414 silly addNameRange     '0.2.5',
414 silly addNameRange     '0.2.6',
414 silly addNameRange     '0.2.7',
414 silly addNameRange     '0.2.8',
414 silly addNameRange     '0.2.9',
414 silly addNameRange     '0.2.10',
414 silly addNameRange     '0.2.11',
414 silly addNameRange     '0.2.12',
414 silly addNameRange     '0.2.13',
414 silly addNameRange     '0.2.14',
414 silly addNameRange     '0.3.0',
414 silly addNameRange     '0.4.0',
414 silly addNameRange     '1.0.0',
414 silly addNameRange     '2.0.0',
414 silly addNameRange     '2.0.1' ] ]
415 verbose addNamed [ 'minimatch', '0.2.14' ]
416 verbose addNamed [ '0.2.14', '0.2.14' ]
417 silly lockFile a72880d0-minimatch-0-2-14 minimatch@0.2.14
418 verbose lock minimatch@0.2.14 C:\Users\Zelada_Torrez\AppData\Roaming\npm-cache\a72880d0-minimatch-0-2-14.lock
419 silly lockFile 5d877021-iconv-lite-0-2-11 iconv-lite@0.2.11
420 silly lockFile 5d877021-iconv-lite-0-2-11 iconv-lite@0.2.11
421 silly lockFile 92090105-iconv-lite-0-2-11 iconv-lite@~0.2.11
422 silly lockFile 92090105-iconv-lite-0-2-11 iconv-lite@~0.2.11
423 silly lockFile a008069a-which-1-0-8 which@1.0.8
424 silly lockFile a008069a-which-1-0-8 which@1.0.8
425 silly lockFile d158d65e-which-1-0-5 which@~1.0.5
426 silly lockFile d158d65e-which-1-0-5 which@~1.0.5
427 silly lockFile a72880d0-minimatch-0-2-14 minimatch@0.2.14
428 silly lockFile a72880d0-minimatch-0-2-14 minimatch@0.2.14
429 silly lockFile 89ce5cca-minimatch-0-2-12 minimatch@~0.2.12
430 silly lockFile 89ce5cca-minimatch-0-2-12 minimatch@~0.2.12
431 http 304 https://registry.npmjs.org/js-yaml
432 silly registry.get cb [ 304,
432 silly registry.get   { date: 'Sun, 22 Feb 2015 01:31:18 GMT',
432 silly registry.get     server: 'Apache',
432 silly registry.get     via: '1.1 varnish',
432 silly registry.get     'last-modified': 'Sun, 22 Feb 2015 01:31:18 GMT',
432 silly registry.get     'cache-control': 'max-age=60',
432 silly registry.get     etag: '"BE4RWJ5GDTP4F0Y19DSS4P5FI"',
432 silly registry.get     age: '52',
432 silly registry.get     'x-served-by': 'cache-jfk1024-JFK',
432 silly registry.get     'x-cache': 'HIT',
432 silly registry.get     'x-cache-hits': '1',
432 silly registry.get     'x-timer': 'S1424568678.728804,VS0,VE0',
432 silly registry.get     vary: 'Accept',
432 silly registry.get     'content-length': '0',
432 silly registry.get     'keep-alive': 'timeout=10, max=49',
432 silly registry.get     connection: 'Keep-Alive' } ]
433 verbose etag js-yaml from cache
434 http 304 https://registry.npmjs.org/hooker
435 silly registry.get cb [ 304,
435 silly registry.get   { date: 'Sun, 22 Feb 2015 01:31:18 GMT',
435 silly registry.get     server: 'Apache',
435 silly registry.get     via: '1.1 varnish',
435 silly registry.get     'last-modified': 'Sun, 22 Feb 2015 01:31:18 GMT',
435 silly registry.get     'cache-control': 'max-age=60',
435 silly registry.get     etag: '"VR3JTAKTOSSS1GJKDCX1ZF1C"',
435 silly registry.get     age: '34',
435 silly registry.get     'x-served-by': 'cache-jfk1023-JFK',
435 silly registry.get     'x-cache': 'HIT',
435 silly registry.get     'x-cache-hits': '1',
435 silly registry.get     'x-timer': 'S1424568678.729887,VS0,VE0',
435 silly registry.get     vary: 'Accept',
435 silly registry.get     'content-length': '0',
435 silly registry.get     'keep-alive': 'timeout=10, max=49',
435 silly registry.get     connection: 'Keep-Alive' } ]
436 verbose etag hooker from cache
437 http 304 https://registry.npmjs.org/eventemitter2
438 silly registry.get cb [ 304,
438 silly registry.get   { date: 'Sun, 22 Feb 2015 01:31:18 GMT',
438 silly registry.get     server: 'Apache',
438 silly registry.get     via: '1.1 varnish',
438 silly registry.get     'last-modified': 'Sun, 22 Feb 2015 01:31:18 GMT',
438 silly registry.get     'cache-control': 'max-age=60',
438 silly registry.get     etag: '"CEELGW2BKUSV0YRS8RJKTCMR9"',
438 silly registry.get     age: '52',
438 silly registry.get     'x-served-by': 'cache-jfk1020-JFK',
438 silly registry.get     'x-cache': 'HIT',
438 silly registry.get     'x-cache-hits': '1',
438 silly registry.get     'x-timer': 'S1424568678.747834,VS0,VE0',
438 silly registry.get     vary: 'Accept',
438 silly registry.get     'content-length': '0',
438 silly registry.get     'keep-alive': 'timeout=10, max=49',
438 silly registry.get     connection: 'Keep-Alive' } ]
439 verbose etag eventemitter2 from cache
440 silly addNameRange number 2 { name: 'js-yaml', range: '>=2.0.5-0 <2.1.0-0', hasData: true }
441 silly addNameRange versions [ 'js-yaml',
441 silly addNameRange   [ '0.2.0',
441 silly addNameRange     '0.2.1',
441 silly addNameRange     '0.2.2',
441 silly addNameRange     '0.3.0',
441 silly addNameRange     '0.3.1',
441 silly addNameRange     '0.3.2',
441 silly addNameRange     '0.3.3',
441 silly addNameRange     '0.3.4',
441 silly addNameRange     '0.3.5',
441 silly addNameRange     '0.3.6',
441 silly addNameRange     '0.3.7',
441 silly addNameRange     '1.0.0',
441 silly addNameRange     '1.0.1',
441 silly addNameRange     '1.0.2',
441 silly addNameRange     '1.0.3',
441 silly addNameRange     '2.0.0',
441 silly addNameRange     '2.0.1',
441 silly addNameRange     '2.0.2',
441 silly addNameRange     '2.0.3',
441 silly addNameRange     '2.0.4',
441 silly addNameRange     '2.0.5',
441 silly addNameRange     '2.1.0',
441 silly addNameRange     '2.1.1',
441 silly addNameRange     '2.1.2',
441 silly addNameRange     '2.1.3',
441 silly addNameRange     '3.0.0',
441 silly addNameRange     '3.0.1',
441 silly addNameRange     '3.0.2',
441 silly addNameRange     '3.1.0',
441 silly addNameRange     '3.2.1',
441 silly addNameRange     '3.2.2',
441 silly addNameRange     '3.2.3',
441 silly addNameRange     '3.2.4',
441 silly addNameRange     '3.2.5',
441 silly addNameRange     '3.2.6',
441 silly addNameRange     '3.2.7' ] ]
442 verbose addNamed [ 'js-yaml', '2.0.5' ]
443 verbose addNamed [ '2.0.5', '2.0.5' ]
444 silly lockFile 0aecb717-js-yaml-2-0-5 js-yaml@2.0.5
445 verbose lock js-yaml@2.0.5 C:\Users\Zelada_Torrez\AppData\Roaming\npm-cache\0aecb717-js-yaml-2-0-5.lock
446 silly addNameRange number 2 { name: 'hooker', range: '>=0.2.3-0 <0.3.0-0', hasData: true }
447 silly addNameRange versions [ 'hooker', [ '0.2.3' ] ]
448 verbose addNamed [ 'hooker', '0.2.3' ]
449 verbose addNamed [ '0.2.3', '0.2.3' ]
450 silly lockFile 97e6505f-hooker-0-2-3 hooker@0.2.3
451 verbose lock hooker@0.2.3 C:\Users\Zelada_Torrez\AppData\Roaming\npm-cache\97e6505f-hooker-0-2-3.lock
452 silly addNameRange number 2 { name: 'eventemitter2',
452 silly addNameRange   range: '>=0.4.13-0 <0.5.0-0',
452 silly addNameRange   hasData: true }
453 silly addNameRange versions [ 'eventemitter2',
453 silly addNameRange   [ '0.0.1',
453 silly addNameRange     '0.1.0',
453 silly addNameRange     '0.1.1',
453 silly addNameRange     '0.1.3',
453 silly addNameRange     '0.2.5',
453 silly addNameRange     '0.2.6',
453 silly addNameRange     '0.2.7',
453 silly addNameRange     '0.3.5',
453 silly addNameRange     '0.3.6',
453 silly addNameRange     '0.3.7',
453 silly addNameRange     '0.4.0',
453 silly addNameRange     '0.4.1',
453 silly addNameRange     '0.4.3',
453 silly addNameRange     '0.4.6',
453 silly addNameRange     '0.4.7',
453 silly addNameRange     '0.4.8',
453 silly addNameRange     '0.4.9',
453 silly addNameRange     '0.4.10',
453 silly addNameRange     '0.4.11',
453 silly addNameRange     '0.4.12',
453 silly addNameRange     '0.4.13',
453 silly addNameRange     '0.4.14' ] ]
454 verbose addNamed [ 'eventemitter2', '0.4.14' ]
455 verbose addNamed [ '0.4.14', '0.4.14' ]
456 silly lockFile eeff59a2-eventemitter2-0-4-14 eventemitter2@0.4.14
457 verbose lock eventemitter2@0.4.14 C:\Users\Zelada_Torrez\AppData\Roaming\npm-cache\eeff59a2-eventemitter2-0-4-14.lock
458 http 304 https://registry.npmjs.org/grunt-legacy-log
459 silly registry.get cb [ 304,
459 silly registry.get   { date: 'Sun, 22 Feb 2015 01:31:18 GMT',
459 silly registry.get     server: 'Apache',
459 silly registry.get     via: '1.1 varnish',
459 silly registry.get     'last-modified': 'Sun, 22 Feb 2015 01:31:18 GMT',
459 silly registry.get     'cache-control': 'max-age=60',
459 silly registry.get     etag: '"E5M03XZY77JCE008JZ3Z9AL6Y"',
459 silly registry.get     age: '0',
459 silly registry.get     'x-served-by': 'cache-jfk1023-JFK',
459 silly registry.get     'x-cache': 'HIT',
459 silly registry.get     'x-cache-hits': '1',
459 silly registry.get     'x-timer': 'S1424568678.455369,VS0,VE344',
459 silly registry.get     vary: 'Accept',
459 silly registry.get     'content-length': '0',
459 silly registry.get     'keep-alive': 'timeout=10, max=50',
459 silly registry.get     connection: 'Keep-Alive' } ]
460 verbose etag grunt-legacy-log from cache
461 silly addNameRange number 2 { name: 'grunt-legacy-log',
461 silly addNameRange   range: '>=0.1.0-0 <0.2.0-0',
461 silly addNameRange   hasData: true }
462 silly addNameRange versions [ 'grunt-legacy-log', [ '0.1.0', '0.1.1' ] ]
463 verbose addNamed [ 'grunt-legacy-log', '0.1.1' ]
464 verbose addNamed [ '0.1.1', '0.1.1' ]
465 silly lockFile c92e6d04-grunt-legacy-log-0-1-1 grunt-legacy-log@0.1.1
466 verbose lock grunt-legacy-log@0.1.1 C:\Users\Zelada_Torrez\AppData\Roaming\npm-cache\c92e6d04-grunt-legacy-log-0-1-1.lock
467 silly lockFile 97e6505f-hooker-0-2-3 hooker@0.2.3
468 silly lockFile 97e6505f-hooker-0-2-3 hooker@0.2.3
469 silly lockFile 2bcd1457-hooker-0-2-3 hooker@~0.2.3
470 silly lockFile 2bcd1457-hooker-0-2-3 hooker@~0.2.3
471 silly lockFile 0aecb717-js-yaml-2-0-5 js-yaml@2.0.5
472 silly lockFile 0aecb717-js-yaml-2-0-5 js-yaml@2.0.5
473 http 304 https://registry.npmjs.org/colors
474 silly registry.get cb [ 304,
474 silly registry.get   { date: 'Sun, 22 Feb 2015 01:31:18 GMT',
474 silly registry.get     server: 'Apache',
474 silly registry.get     via: '1.1 varnish',
474 silly registry.get     'last-modified': 'Sun, 22 Feb 2015 01:30:44 GMT',
474 silly registry.get     'cache-control': 'max-age=60',
474 silly registry.get     etag: '"79QD6CXDM1WK8SKUUGYOV8GSY"',
474 silly registry.get     age: '41',
474 silly registry.get     'x-served-by': 'cache-jfk1025-JFK',
474 silly registry.get     'x-cache': 'HIT',
474 silly registry.get     'x-cache-hits': '2',
474 silly registry.get     'x-timer': 'S1424568678.899540,VS0,VE0',
474 silly registry.get     vary: 'Accept',
474 silly registry.get     'content-length': '0',
474 silly registry.get     'keep-alive': 'timeout=10, max=50',
474 silly registry.get     connection: 'Keep-Alive' } ]
475 verbose etag colors from cache
476 silly lockFile f87c51d5-js-yaml-2-0-5 js-yaml@~2.0.5
477 silly lockFile f87c51d5-js-yaml-2-0-5 js-yaml@~2.0.5
478 silly lockFile c92e6d04-grunt-legacy-log-0-1-1 grunt-legacy-log@0.1.1
479 silly lockFile c92e6d04-grunt-legacy-log-0-1-1 grunt-legacy-log@0.1.1
480 silly lockFile 8e73aff5-grunt-legacy-log-0-1-0 grunt-legacy-log@~0.1.0
481 silly lockFile 8e73aff5-grunt-legacy-log-0-1-0 grunt-legacy-log@~0.1.0
482 silly addNameRange number 2 { name: 'colors', range: '>=0.6.2-0 <0.7.0-0', hasData: true }
483 silly addNameRange versions [ 'colors',
483 silly addNameRange   [ '0.3.0',
483 silly addNameRange     '0.5.0',
483 silly addNameRange     '0.5.1',
483 silly addNameRange     '0.6.0',
483 silly addNameRange     '0.6.0-1',
483 silly addNameRange     '0.6.1',
483 silly addNameRange     '0.6.2',
483 silly addNameRange     '1.0.0',
483 silly addNameRange     '1.0.1',
483 silly addNameRange     '1.0.2',
483 silly addNameRange     '1.0.3' ] ]
484 verbose addNamed [ 'colors', '0.6.2' ]
485 verbose addNamed [ '0.6.2', '0.6.2' ]
486 silly lockFile 1ce149d5-colors-0-6-2 colors@0.6.2
487 verbose lock colors@0.6.2 C:\Users\Zelada_Torrez\AppData\Roaming\npm-cache\1ce149d5-colors-0-6-2.lock
488 silly lockFile eeff59a2-eventemitter2-0-4-14 eventemitter2@0.4.14
489 silly lockFile eeff59a2-eventemitter2-0-4-14 eventemitter2@0.4.14
490 silly lockFile adbd1d63-eventemitter2-0-4-13 eventemitter2@~0.4.13
491 silly lockFile adbd1d63-eventemitter2-0-4-13 eventemitter2@~0.4.13
492 silly lockFile 1ce149d5-colors-0-6-2 colors@0.6.2
493 silly lockFile 1ce149d5-colors-0-6-2 colors@0.6.2
494 silly lockFile f2380b4d-colors-0-6-2 colors@~0.6.2
495 silly lockFile f2380b4d-colors-0-6-2 colors@~0.6.2
496 http 304 https://registry.npmjs.org/grunt-legacy-util
497 silly registry.get cb [ 304,
497 silly registry.get   { date: 'Sun, 22 Feb 2015 01:31:18 GMT',
497 silly registry.get     server: 'Apache',
497 silly registry.get     via: '1.1 varnish',
497 silly registry.get     'last-modified': 'Sun, 22 Feb 2015 01:31:18 GMT',
497 silly registry.get     'cache-control': 'max-age=60',
497 silly registry.get     etag: '"C2F8TE8PSG8P046ZGXGKOU125"',
497 silly registry.get     age: '0',
497 silly registry.get     'x-served-by': 'cache-jfk1020-JFK',
497 silly registry.get     'x-cache': 'HIT',
497 silly registry.get     'x-cache-hits': '1',
497 silly registry.get     'x-timer': 'S1424568678.981531,VS0,VE13',
497 silly registry.get     vary: 'Accept',
497 silly registry.get     'content-length': '0',
497 silly registry.get     'keep-alive': 'timeout=10, max=48',
497 silly registry.get     connection: 'Keep-Alive' } ]
498 verbose etag grunt-legacy-util from cache
499 silly addNameRange number 2 { name: 'grunt-legacy-util',
499 silly addNameRange   range: '>=0.2.0-0 <0.3.0-0',
499 silly addNameRange   hasData: true }
500 silly addNameRange versions [ 'grunt-legacy-util', [ '0.1.0', '0.1.1', '0.1.2', '0.2.0' ] ]
501 verbose addNamed [ 'grunt-legacy-util', '0.2.0' ]
502 verbose addNamed [ '0.2.0', '0.2.0' ]
503 silly lockFile 750f4d60-grunt-legacy-util-0-2-0 grunt-legacy-util@0.2.0
504 verbose lock grunt-legacy-util@0.2.0 C:\Users\Zelada_Torrez\AppData\Roaming\npm-cache\750f4d60-grunt-legacy-util-0-2-0.lock
505 silly lockFile 750f4d60-grunt-legacy-util-0-2-0 grunt-legacy-util@0.2.0
506 silly lockFile 750f4d60-grunt-legacy-util-0-2-0 grunt-legacy-util@0.2.0
507 silly lockFile d7c85858-grunt-legacy-util-0-2-0 grunt-legacy-util@~0.2.0
508 silly lockFile d7c85858-grunt-legacy-util-0-2-0 grunt-legacy-util@~0.2.0
509 http 304 https://registry.npmjs.org/underscore.string
510 silly registry.get cb [ 304,
510 silly registry.get   { date: 'Sun, 22 Feb 2015 01:31:19 GMT',
510 silly registry.get     server: 'Apache',
510 silly registry.get     via: '1.1 varnish',
510 silly registry.get     'last-modified': 'Sun, 22 Feb 2015 01:31:19 GMT',
510 silly registry.get     'cache-control': 'max-age=60',
510 silly registry.get     etag: '"5CUKXD2FAWHRTK04NY80L3DBH"',
510 silly registry.get     age: '16',
510 silly registry.get     'x-served-by': 'cache-jfk1025-JFK',
510 silly registry.get     'x-cache': 'HIT',
510 silly registry.get     'x-cache-hits': '1',
510 silly registry.get     'x-timer': 'S1424568679.190790,VS0,VE0',
510 silly registry.get     vary: 'Accept',
510 silly registry.get     'content-length': '0',
510 silly registry.get     'keep-alive': 'timeout=10, max=49',
510 silly registry.get     connection: 'Keep-Alive' } ]
511 verbose etag underscore.string from cache
512 silly addNameRange number 2 { name: 'underscore.string',
512 silly addNameRange   range: '>=2.2.1-0 <2.3.0-0',
512 silly addNameRange   hasData: true }
513 silly addNameRange versions [ 'underscore.string',
513 silly addNameRange   [ '0.9.2',
513 silly addNameRange     '1.0.0',
513 silly addNameRange     '1.1.3',
513 silly addNameRange     '1.1.4',
513 silly addNameRange     '1.1.5',
513 silly addNameRange     '1.1.6',
513 silly addNameRange     '2.0.0',
513 silly addNameRange     '2.1.0',
513 silly addNameRange     '2.1.1',
513 silly addNameRange     '2.3.0',
513 silly addNameRange     '2.3.1',
513 silly addNameRange     '2.3.2',
513 silly addNameRange     '2.2.1',
513 silly addNameRange     '2.2.0-rc',
513 silly addNameRange     '2.3.3',
513 silly addNameRange     '2.4.0',
513 silly addNameRange     '3.0.0',
513 silly addNameRange     '3.0.1',
513 silly addNameRange     '3.0.2',
513 silly addNameRange     '3.0.3' ] ]
514 verbose addNamed [ 'underscore.string', '2.2.1' ]
515 verbose addNamed [ '2.2.1', '2.2.1' ]
516 silly lockFile 5c083954-underscore-string-2-2-1 underscore.string@2.2.1
517 verbose lock underscore.string@2.2.1 C:\Users\Zelada_Torrez\AppData\Roaming\npm-cache\5c083954-underscore-string-2-2-1.lock
518 http 304 https://registry.npmjs.org/nopt
519 silly registry.get cb [ 304,
519 silly registry.get   { date: 'Sun, 22 Feb 2015 01:31:18 GMT',
519 silly registry.get     server: 'Apache',
519 silly registry.get     via: '1.1 varnish',
519 silly registry.get     'last-modified': 'Sun, 22 Feb 2015 01:31:01 GMT',
519 silly registry.get     'cache-control': 'max-age=60',
519 silly registry.get     etag: '"6WG84PL4HOJXWUNXGTBHT4ADP"',
519 silly registry.get     age: '41',
519 silly registry.get     'x-served-by': 'cache-jfk1024-JFK',
519 silly registry.get     'x-cache': 'HIT',
519 silly registry.get     'x-cache-hits': '3',
519 silly registry.get     'x-timer': 'S1424568678.962291,VS0,VE0',
519 silly registry.get     vary: 'Accept',
519 silly registry.get     'content-length': '0',
519 silly registry.get     'keep-alive': 'timeout=10, max=48',
519 silly registry.get     connection: 'Keep-Alive' } ]
520 verbose etag nopt from cache
521 silly addNameRange number 2 { name: 'nopt', range: '>=1.0.10-0 <1.1.0-0', hasData: true }
522 silly addNameRange versions [ 'nopt',
522 silly addNameRange   [ '1.0.0',
522 silly addNameRange     '1.0.1',
522 silly addNameRange     '1.0.2',
522 silly addNameRange     '1.0.3',
522 silly addNameRange     '1.0.4',
522 silly addNameRange     '1.0.5',
522 silly addNameRange     '1.0.6',
522 silly addNameRange     '1.0.7',
522 silly addNameRange     '1.0.8',
522 silly addNameRange     '1.0.9',
522 silly addNameRange     '1.0.10',
522 silly addNameRange     '2.0.0',
522 silly addNameRange     '2.1.0',
522 silly addNameRange     '2.1.1',
522 silly addNameRange     '2.1.2',
522 silly addNameRange     '2.2.0',
522 silly addNameRange     '2.2.1',
522 silly addNameRange     '3.0.0',
522 silly addNameRange     '3.0.1' ] ]
523 verbose addNamed [ 'nopt', '1.0.10' ]
524 verbose addNamed [ '1.0.10', '1.0.10' ]
525 silly lockFile 1be903a1-nopt-1-0-10 nopt@1.0.10
526 verbose lock nopt@1.0.10 C:\Users\Zelada_Torrez\AppData\Roaming\npm-cache\1be903a1-nopt-1-0-10.lock
527 silly lockFile 5c083954-underscore-string-2-2-1 underscore.string@2.2.1
528 silly lockFile 5c083954-underscore-string-2-2-1 underscore.string@2.2.1
529 silly lockFile 57acec0b-underscore-string-2-2-1 underscore.string@~2.2.1
530 silly lockFile 57acec0b-underscore-string-2-2-1 underscore.string@~2.2.1
531 silly lockFile 1be903a1-nopt-1-0-10 nopt@1.0.10
532 silly lockFile 1be903a1-nopt-1-0-10 nopt@1.0.10
533 silly lockFile 79f78dba-nopt-1-0-10 nopt@~1.0.10
534 silly lockFile 79f78dba-nopt-1-0-10 nopt@~1.0.10
535 http 304 https://registry.npmjs.org/glob
536 silly registry.get cb [ 304,
536 silly registry.get   { date: 'Sun, 22 Feb 2015 01:31:21 GMT',
536 silly registry.get     server: 'Apache',
536 silly registry.get     via: '1.1 varnish',
536 silly registry.get     'last-modified': 'Sun, 22 Feb 2015 01:30:40 GMT',
536 silly registry.get     'cache-control': 'max-age=60',
536 silly registry.get     etag: '"9PIW87I5EOFRZ3K4RIN57IGPE"',
536 silly registry.get     age: '53',
536 silly registry.get     'x-served-by': 'cache-jfk1024-JFK',
536 silly registry.get     'x-cache': 'HIT',
536 silly registry.get     'x-cache-hits': '2',
536 silly registry.get     'x-timer': 'S1424568681.192409,VS0,VE0',
536 silly registry.get     vary: 'Accept',
536 silly registry.get     'content-length': '0',
536 silly registry.get     'keep-alive': 'timeout=10, max=47',
536 silly registry.get     connection: 'Keep-Alive' } ]
537 verbose etag glob from cache
538 silly addNameRange number 2 { name: 'glob', range: '>=3.1.21-0 <3.2.0-0', hasData: true }
539 silly addNameRange versions [ 'glob',
539 silly addNameRange   [ '1.1.0',
539 silly addNameRange     '2.0.9',
539 silly addNameRange     '2.0.8',
539 silly addNameRange     '2.0.7',
539 silly addNameRange     '2.1.0',
539 silly addNameRange     '3.0.0',
539 silly addNameRange     '3.0.1',
539 silly addNameRange     '3.1.0',
539 silly addNameRange     '3.1.1',
539 silly addNameRange     '3.1.2',
539 silly addNameRange     '3.1.3',
539 silly addNameRange     '3.1.4',
539 silly addNameRange     '3.1.5',
539 silly addNameRange     '3.1.6',
539 silly addNameRange     '3.1.7',
539 silly addNameRange     '3.1.9',
539 silly addNameRange     '3.1.10',
539 silly addNameRange     '3.1.11',
539 silly addNameRange     '3.1.12',
539 silly addNameRange     '3.1.13',
539 silly addNameRange     '3.1.14',
539 silly addNameRange     '3.1.15',
539 silly addNameRange     '3.1.16',
539 silly addNameRange     '3.1.17',
539 silly addNameRange     '3.1.18',
539 silly addNameRange     '3.1.19',
539 silly addNameRange     '3.1.20',
539 silly addNameRange     '3.1.21',
539 silly addNameRange     '3.2.0',
539 silly addNameRange     '3.2.1',
539 silly addNameRange     '3.2.3',
539 silly addNameRange     '3.2.4',
539 silly addNameRange     '3.2.5',
539 silly addNameRange     '3.2.6',
539 silly addNameRange     '3.2.7',
539 silly addNameRange     '3.2.8',
539 silly addNameRange     '3.2.9',
539 silly addNameRange     '3.2.10',
539 silly addNameRange     '3.2.11',
539 silly addNameRange     '4.0.0',
539 silly addNameRange     '4.0.1',
539 silly addNameRange     '4.0.2',
539 silly addNameRange     '4.0.3',
539 silly addNameRange     '4.0.4',
539 silly addNameRange     '4.0.5',
539 silly addNameRange     '4.0.6',
539 silly addNameRange     '4.1.2-beta',
539 silly addNameRange     '4.1.2',
539 silly addNameRange     '4.1.3',
539 silly addNameRange     '4.1.4',
539 silly addNameRange     '4.1.5',
539 silly addNameRange     '4.1.6',
539 silly addNameRange     '4.2.0',
539 silly addNameRange     '4.2.1',
539 silly addNameRange     '4.2.2',
539 silly addNameRange     '4.3.0',
539 silly addNameRange     '4.3.1',
539 silly addNameRange     '4.3.2',
539 silly addNameRange     '4.3.3',
539 silly addNameRange     '4.3.4',
539 silly addNameRange     '4.3.5',
539 silly addNameRange     '4.4.0' ] ]
540 verbose addNamed [ 'glob', '3.1.21' ]
541 verbose addNamed [ '3.1.21', '3.1.21' ]
542 silly lockFile ab465912-glob-3-1-21 glob@3.1.21
543 verbose lock glob@3.1.21 C:\Users\Zelada_Torrez\AppData\Roaming\npm-cache\ab465912-glob-3-1-21.lock
544 silly lockFile ab465912-glob-3-1-21 glob@3.1.21
545 silly lockFile ab465912-glob-3-1-21 glob@3.1.21
546 silly lockFile b5074ddc-glob-3-1-21 glob@~3.1.21
547 silly lockFile b5074ddc-glob-3-1-21 glob@~3.1.21
548 http 304 https://registry.npmjs.org/dateformat
549 silly registry.get cb [ 304,
549 silly registry.get   { date: 'Sun, 22 Feb 2015 01:31:21 GMT',
549 silly registry.get     server: 'Apache',
549 silly registry.get     via: '1.1 varnish',
549 silly registry.get     'last-modified': 'Sun, 22 Feb 2015 01:31:21 GMT',
549 silly registry.get     'cache-control': 'max-age=60',
549 silly registry.get     etag: '"3P6LRD6UQPZZC8KP3T7UVGPNQ"',
549 silly registry.get     age: '0',
549 silly registry.get     'x-served-by': 'cache-jfk1024-JFK',
549 silly registry.get     'x-cache': 'HIT',
549 silly registry.get     'x-cache-hits': '1',
549 silly registry.get     'x-timer': 'S1424568681.561130,VS0,VE83',
549 silly registry.get     vary: 'Accept',
549 silly registry.get     'content-length': '0',
549 silly registry.get     'keep-alive': 'timeout=10, max=46',
549 silly registry.get     connection: 'Keep-Alive' } ]
550 verbose etag dateformat from cache
551 silly lockFile 644d6e27-dateformat-1-0-2-1-2-3 dateformat@1.0.2-1.2.3
552 silly lockFile 644d6e27-dateformat-1-0-2-1-2-3 dateformat@1.0.2-1.2.3
553 http 200 https://registry.npmjs.org/findup-sync
554 silly registry.get cb [ 200,
554 silly registry.get   { date: 'Sun, 22 Feb 2015 01:31:21 GMT',
554 silly registry.get     server: 'CouchDB/1.5.0 (Erlang OTP/R16B03)',
554 silly registry.get     etag: '"6PL47XUIJWRMVYZJG0IEFNGCA"',
554 silly registry.get     'content-type': 'application/json',
554 silly registry.get     'cache-control': 'max-age=60',
554 silly registry.get     'content-length': '10049',
554 silly registry.get     'accept-ranges': 'bytes',
554 silly registry.get     via: '1.1 varnish',
554 silly registry.get     age: '0',
554 silly registry.get     'x-served-by': 'cache-jfk1025-JFK',
554 silly registry.get     'x-cache': 'HIT',
554 silly registry.get     'x-cache-hits': '1',
554 silly registry.get     'x-timer': 'S1424568681.002005,VS0,VE348',
554 silly registry.get     vary: 'Accept',
554 silly registry.get     'keep-alive': 'timeout=10, max=48',
554 silly registry.get     connection: 'Keep-Alive' } ]
555 silly addNameRange number 2 { name: 'findup-sync',
555 silly addNameRange   range: '>=0.1.2-0 <0.2.0-0',
555 silly addNameRange   hasData: true }
556 silly addNameRange versions [ 'findup-sync',
556 silly addNameRange   [ '0.1.0', '0.1.1', '0.1.2', '0.1.3', '0.2.0', '0.2.1' ] ]
557 verbose addNamed [ 'findup-sync', '0.1.3' ]
558 verbose addNamed [ '0.1.3', '0.1.3' ]
559 silly lockFile 7d59adfa-findup-sync-0-1-3 findup-sync@0.1.3
560 verbose lock findup-sync@0.1.3 C:\Users\Zelada_Torrez\AppData\Roaming\npm-cache\7d59adfa-findup-sync-0-1-3.lock
561 silly lockFile 7d59adfa-findup-sync-0-1-3 findup-sync@0.1.3
562 silly lockFile 7d59adfa-findup-sync-0-1-3 findup-sync@0.1.3
563 silly lockFile 65f21183-findup-sync-0-1-2 findup-sync@~0.1.2
564 silly lockFile 65f21183-findup-sync-0-1-2 findup-sync@~0.1.2
565 verbose about to build C:\Program Files (x86)\Zend\Apache2\htdocs\CreateForm\node_modules\grunt
566 info C:\Program Files (x86)\Zend\Apache2\htdocs\CreateForm\node_modules\grunt unbuild
567 info preuninstall grunt@0.4.5
568 info uninstall grunt@0.4.5
569 verbose true,C:\Program Files (x86)\Zend\Apache2\htdocs\CreateForm\node_modules,C:\Program Files (x86)\Zend\Apache2\htdocs\CreateForm\node_modules unbuild grunt@0.4.5
570 info postuninstall grunt@0.4.5
571 error Failed to parse json
571 error Unexpected end of input
572 error File: C:\Users\Zelada_Torrez\AppData\Roaming\npm-cache\findup-sync\0.1.3\package\package.json
573 error Failed to parse package.json data.
573 error package.json must be actual JSON, not just JavaScript.
573 error
573 error This is not a bug in npm.
573 error Tell the package author to fix their package.json file. JSON.parse
574 error System Windows_NT 6.2.9200
575 error command "C:\\Program Files\\nodejs\\\\node.exe" "C:\\Program Files\\nodejs\\node_modules\\npm\\bin\\npm-cli.js" "install" "--save-dev" "grunt"
576 error cwd C:\Program Files (x86)\Zend\Apache2\htdocs\CreateForm
577 error node -v v0.10.29
578 error npm -v 1.4.14
579 error file C:\Users\Zelada_Torrez\AppData\Roaming\npm-cache\findup-sync\0.1.3\package\package.json
580 error code EJSONPARSE
581 verbose exit [ 1, true ]
